F:\java.project\jvmti_evt_ex\jvmti_evt_ex\c_plus_plus\jvmti_evt_ex\x64\Release-64\cl.command.1.tlog
F:\java.project\jvmti_evt_ex\jvmti_evt_ex\c_plus_plus\jvmti_evt_ex\x64\Release-64\CL.read.1.tlog
F:\java.project\jvmti_evt_ex\jvmti_evt_ex\c_plus_plus\jvmti_evt_ex\x64\Release-64\CL.write.1.tlog
F:\java.project\jvmti_evt_ex\jvmti_evt_ex\c_plus_plus\jvmti_evt_ex\x64\Release-64\jvmti_evt_ex.obj
F:\java.project\jvmti_evt_ex\jvmti_evt_ex\c_plus_plus\jvmti_evt_ex\x64\Release-64\jvmti_evt_ex.write.1.tlog
F:\java.project\jvmti_evt_ex\jvmti_evt_ex\c_plus_plus\jvmti_evt_ex\x64\Release-64\jvmti_evt_ex-release-amd64-x64.dll.intermediate.manifest
F:\java.project\jvmti_evt_ex\jvmti_evt_ex\c_plus_plus\jvmti_evt_ex\x64\Release-64\link.command.1.tlog
F:\java.project\jvmti_evt_ex\jvmti_evt_ex\c_plus_plus\jvmti_evt_ex\x64\Release-64\link.read.1.tlog
F:\java.project\jvmti_evt_ex\jvmti_evt_ex\c_plus_plus\jvmti_evt_ex\x64\Release-64\link.write.1.tlog
F:\java.project\jvmti_evt_ex\jvmti_evt_ex\c_plus_plus\jvmti_evt_ex\x64\Release-64\mt.command.1.tlog
F:\java.project\jvmti_evt_ex\jvmti_evt_ex\c_plus_plus\jvmti_evt_ex\x64\Release-64\mt.read.1.tlog
F:\java.project\jvmti_evt_ex\jvmti_evt_ex\c_plus_plus\jvmti_evt_ex\x64\Release-64\mt.write.1.tlog
F:\java.project\jvmti_evt_ex\jvmti_evt_ex\c_plus_plus\jvmti_evt_ex\x64\Release-64\vc100.pdb
F:\java.project\jvmti_evt_ex\jvmti_evt_ex\c_plus_plus\x64\Release-64\jvmti_evt_ex-release-amd64-x64.dll
F:\JAVA.PROJECT\JVMTI_EVT_EX\JVMTI_EVT_EX\JVMTI_EVT_EX\X64\RELEASE-64\JVMTI_EVT_EX.OBJ
F:\JAVA.PROJECT\JVMTI_EVT_EX\JVMTI_EVT_EX\JVMTI_EVT_EX\X64\RELEASE-64\JVMTI_EVT_EX-RELEASE-AMD64-X64.DLL.INTERMEDIATE.MANIFEST
F:\JAVA.PROJECT\JVMTI_EVT_EX\JVMTI_EVT_EX\JVMTI_EVT_EX\X64\RELEASE-64\VC100.PDB
F:\JAVA.PROJECT\JVMTI_EVT_EX\JVMTI_EVT_EX\X64\RELEASE-64\JVMTI_EVT_EX-RELEASE-AMD64-X64.DLL
F:\java.project\jvmti_evt_ex\jvmti_evt_ex\x64\Release-64\jvmti_evt_ex-release-amd64-x64.exp
F:\java.project\jvmti_evt_ex\jvmti_evt_ex\x64\Release-64\jvmti_evt_ex-release-amd64-x64.lib
