生成启动时间为 2018-09-24 20:45:33。
     1>项目“F:\java.project\jvmti_evt_ex\jvmti_evt_ex\c_plus_plus\jvmti_evt_ex\jvmti_evt_ex.vcxproj”在节点 2 上(rebuild 个目标)。
     1>_PrepareForClean:
         正在删除文件“Release\jvmti_evt_ex.lastbuildstate”。
       InitializeBuildStatus:
         正在创建“Release\jvmti_evt_ex.unsuccessfulbuild”，因为已指定“AlwaysCreate”。
       ClCompile:
         C:\Program Files (x86)\Microsoft Visual Studio 10.0\VC\bin\CL.exe /c /I"C:\Program Files (x86)\Java\jdk1.8.0_131\include\win32" /I"C:\Program Files (x86)\Java\jdk1.8.0_131\include" /Zi /nologo /W3 /WX- /O2 /Oi /Oy- /GL /D WIN32 /D NDEBUG /D _WINDOWS /D _USRDLL /D JVMTI_EVT_EX_EXPORTS /D _WINDLL /D _UNICODE /D UNICODE /Gm- /EHsc /MD /GS /Gy /fp:precise /Zc:wchar_t /Zc:forScope /Fo"Release\\" /Fd"Release\vc100.pdb" /Gd /TP /analyze- /errorReport:prompt jvmti_evt_ex.cpp
         jvmti_evt_ex.cpp
       Link:
         C:\Program Files (x86)\Microsoft Visual Studio 10.0\VC\bin\link.exe /ERRORREPORT:PROMPT /OUT:"F:\java.project\jvmti_evt_ex\jvmti_evt_ex\c_plus_plus\Release\jvmti_evt_ex-release-AMD64-Win32.dll" /INCREMENTAL:NO /NOLOGO kernel32.lib user32.lib gdi32.lib winspool.lib comdlg32.lib advapi32.lib shell32.lib ole32.lib oleaut32.lib uuid.lib odbc32.lib odbccp32.lib /MANIFEST /ManifestFile:"Release\jvmti_evt_ex-release-AMD64-Win32.dll.intermediate.manifest" /MANIFESTUAC:"level='asInvoker' uiAccess='false'" /DEBUG /PDB:"F:\java.project\jvmti_evt_ex\jvmti_evt_ex\c_plus_plus\Release\jvmti_evt_ex-release-AMD64-Win32.pdb" /SUBSYSTEM:WINDOWS /OPT:REF /OPT:ICF /LTCG /TLBID:1 /DYNAMICBASE /NXCOMPAT /IMPLIB:"F:\java.project\jvmti_evt_ex\jvmti_evt_ex\c_plus_plus\Release\jvmti_evt_ex-release-AMD64-Win32.lib" /MACHINE:X86 /DLL Release\jvmti_evt_ex.obj
            正在创建库 F:\java.project\jvmti_evt_ex\jvmti_evt_ex\c_plus_plus\Release\jvmti_evt_ex-release-AMD64-Win32.lib 和对象 F:\java.project\jvmti_evt_ex\jvmti_evt_ex\c_plus_plus\Release\jvmti_evt_ex-release-AMD64-Win32.exp
         正在生成代码
         已完成代码的生成
         jvmti_evt_ex.vcxproj -> F:\java.project\jvmti_evt_ex\jvmti_evt_ex\c_plus_plus\Release\jvmti_evt_ex-release-AMD64-Win32.dll
       Manifest:
         C:\Program Files (x86)\Microsoft SDKs\Windows\v7.0A\bin\mt.exe /nologo /verbose /outputresource:"F:\java.project\jvmti_evt_ex\jvmti_evt_ex\c_plus_plus\Release\jvmti_evt_ex-release-AMD64-Win32.dll;#2" /manifest "Release\jvmti_evt_ex-release-AMD64-Win32.dll.intermediate.manifest"
       FinalizeBuildStatus:
         正在删除文件“Release\jvmti_evt_ex.unsuccessfulbuild”。
         正在对“Release\jvmti_evt_ex.lastbuildstate”执行 Touch 任务。
     1>已完成生成项目“F:\java.project\jvmti_evt_ex\jvmti_evt_ex\c_plus_plus\jvmti_evt_ex\jvmti_evt_ex.vcxproj”(rebuild 个目标)的操作。

生成成功。

已用时间 00:00:00.72
