F:\java.project\jvmti_evt_ex\jvmti_evt_ex\c_plus_plus\jvmti_evt_ex\Release\cl.command.1.tlog
F:\java.project\jvmti_evt_ex\jvmti_evt_ex\c_plus_plus\jvmti_evt_ex\Release\CL.read.1.tlog
F:\java.project\jvmti_evt_ex\jvmti_evt_ex\c_plus_plus\jvmti_evt_ex\Release\CL.write.1.tlog
F:\JAVA.PROJECT\JVMTI_EVT_EX\JVMTI_EVT_EX\C_PLUS_PLUS\JVMTI_EVT_EX\RELEASE\JVMTI_EVT_EX.OBJ
F:\java.project\jvmti_evt_ex\jvmti_evt_ex\c_plus_plus\jvmti_evt_ex\Release\jvmti_evt_ex.write.1.tlog
F:\JAVA.PROJECT\JVMTI_EVT_EX\JVMTI_EVT_EX\C_PLUS_PLUS\JVMTI_EVT_EX\RELEASE\JVMTI_EVT_EX-RELEASE-AMD64-WIN32.DLL.INTERMEDIATE.MANIFEST
F:\java.project\jvmti_evt_ex\jvmti_evt_ex\c_plus_plus\jvmti_evt_ex\Release\link.command.1.tlog
F:\java.project\jvmti_evt_ex\jvmti_evt_ex\c_plus_plus\jvmti_evt_ex\Release\link.read.1.tlog
F:\java.project\jvmti_evt_ex\jvmti_evt_ex\c_plus_plus\jvmti_evt_ex\Release\link.write.1.tlog
F:\java.project\jvmti_evt_ex\jvmti_evt_ex\c_plus_plus\jvmti_evt_ex\Release\mt.command.1.tlog
F:\java.project\jvmti_evt_ex\jvmti_evt_ex\c_plus_plus\jvmti_evt_ex\Release\mt.read.1.tlog
F:\java.project\jvmti_evt_ex\jvmti_evt_ex\c_plus_plus\jvmti_evt_ex\Release\mt.write.1.tlog
F:\JAVA.PROJECT\JVMTI_EVT_EX\JVMTI_EVT_EX\C_PLUS_PLUS\JVMTI_EVT_EX\RELEASE\VC100.PDB
F:\JAVA.PROJECT\JVMTI_EVT_EX\JVMTI_EVT_EX\C_PLUS_PLUS\RELEASE\JVMTI_EVT_EX-RELEASE-AMD64-WIN32.DLL
F:\java.project\jvmti_evt_ex\jvmti_evt_ex\c_plus_plus\Release\jvmti_evt_ex-release-AMD64-Win32.exp
F:\java.project\jvmti_evt_ex\jvmti_evt_ex\c_plus_plus\Release\jvmti_evt_ex-release-AMD64-Win32.lib
F:\JAVA.PROJECT\JVMTI_EVT_EX\JVMTI_EVT_EX\C_PLUS_PLUS\RELEASE\JVMTI_EVT_EX-RELEASE-AMD64-WIN32.PDB
F:\JAVA.PROJECT\JVMTI_EVT_EX\JVMTI_EVT_EX\JVMTI_EVT_EX\RELEASE\JVMTI_EVT_EX.OBJ
F:\JAVA.PROJECT\JVMTI_EVT_EX\JVMTI_EVT_EX\JVMTI_EVT_EX\RELEASE\JVMTI_EVT_EX-RELEASE-AMD64-WIN32.DLL.INTERMEDIATE.MANIFEST
F:\JAVA.PROJECT\JVMTI_EVT_EX\JVMTI_EVT_EX\JVMTI_EVT_EX\RELEASE\VC100.PDB
F:\JAVA.PROJECT\JVMTI_EVT_EX\JVMTI_EVT_EX\RELEASE\JVMTI_EVT_EX-RELEASE-AMD64-WIN32.DLL
F:\java.project\jvmti_evt_ex\jvmti_evt_ex\Release\jvmti_evt_ex-release-AMD64-Win32.exp
F:\java.project\jvmti_evt_ex\jvmti_evt_ex\Release\jvmti_evt_ex-release-AMD64-Win32.lib
F:\JAVA.PROJECT\JVMTI_EVT_EX\JVMTI_EVT_EX\RELEASE\JVMTI_EVT_EX-RELEASE-AMD64-WIN32.PDB
